TN:
SF:controllers\mail-controller.js
FN:3,(anonymous_0)
FNF:1
FNH:1
FNDA:2,(anonymous_0)
DA:1,1
DA:3,1
DA:4,2
DA:5,2
DA:13,2
DA:20,1
DA:22,1
DA:23,1
LF:8
LH:8
BRF:0
BRH:0
end_of_record
TN:
SF:controllers\recipe-controller.js
FN:5,(anonymous_0)
FN:14,(anonymous_1)
FN:28,(anonymous_2)
FN:44,(anonymous_3)
FN:70,(anonymous_4)
FN:85,(anonymous_5)
FNF:6
FNH:5
FNDA:3,(anonymous_0)
FNDA:0,(anonymous_1)
FNDA:2,(anonymous_2)
FNDA:3,(anonymous_3)
FNDA:3,(anonymous_4)
FNDA:1,(anonymous_5)
DA:1,1
DA:2,1
DA:4,1
DA:6,3
DA:7,3
DA:8,1
DA:10,2
DA:11,2
DA:15,0
DA:16,0
DA:17,0
DA:18,0
DA:19,0
DA:21,0
DA:23,0
DA:24,0
DA:29,2
DA:30,2
DA:31,0
DA:33,2
DA:34,2
DA:35,2
DA:36,1
DA:37,1
DA:39,1
DA:40,1
DA:45,3
DA:46,3
DA:47,0
DA:49,3
DA:50,3
DA:51,3
DA:53,3
DA:54,1
DA:57,2
DA:62,1
DA:63,1
DA:65,1
DA:66,1
DA:71,3
DA:72,3
DA:74,2
DA:75,1
DA:78,1
DA:80,1
DA:81,1
DA:86,1
DA:87,1
DA:88,1
DA:90,1
DA:92,1
DA:93,1
DA:95,1
DA:96,1
DA:98,1
DA:99,0
DA:101,1
DA:102,0
DA:104,1
DA:105,0
DA:107,1
DA:108,0
DA:112,1
DA:114,1
DA:116,0
DA:117,0
DA:123,1
LF:67
LH:51
BRDA:18,0,0,0
BRDA:18,0,1,0
BRDA:30,1,0,0
BRDA:30,1,1,2
BRDA:46,2,0,0
BRDA:46,2,1,3
BRDA:53,3,0,1
BRDA:53,3,1,2
BRDA:74,4,0,1
BRDA:74,4,1,1
BRDA:92,5,0,1
BRDA:92,5,1,0
BRDA:95,6,0,1
BRDA:95,6,1,0
BRDA:98,7,0,0
BRDA:98,7,1,1
BRDA:98,8,0,1
BRDA:98,8,1,0
BRDA:101,9,0,0
BRDA:101,9,1,1
BRDA:101,10,0,1
BRDA:101,10,1,0
BRDA:104,11,0,0
BRDA:104,11,1,1
BRDA:104,12,0,1
BRDA:104,12,1,0
BRDA:107,13,0,0
BRDA:107,13,1,1
BRDA:107,14,0,1
BRDA:107,14,1,0
BRF:30
BRH:16
end_of_record
TN:
SF:models\recipe-model.js
FNF:0
FNH:0
DA:1,1
DA:3,1
DA:85,1
LF:3
LH:3
BRF:0
BRH:0
end_of_record
